<?xml version="1.0" encoding="UTF-8"?>
<testng-results ignored="0" total="1" passed="1" failed="0" skipped="0">
  <reporter-output>
  </reporter-output>
  <suite started-at="2025-05-28T16:58:43 IST" name="Default suite" finished-at="2025-05-28T16:58:45 IST" duration-ms="2794">
    <groups>
    </groups>
    <test started-at="2025-05-28T16:58:43 IST" name="Default test" finished-at="2025-05-28T16:58:45 IST" duration-ms="2794">
      <class name="test.PostApiAuth">
        <test-method signature="CreateUserApi()[pri:1, instance:test.PostApiAuth@22555ebf]" started-at="2025-05-28T16:58:43 IST" name="CreateUserApi" finished-at="2025-05-28T16:58:45 IST" duration-ms="2764" status="PASS">
          <reporter-output>
          </reporter-output>
        </test-method> <!-- CreateUserApi -->
      </class> <!-- test.PostApiAuth -->
    </test> <!-- Default test -->
  </suite> <!-- Default suite -->
</testng-results>
