<?xml version="1.0" encoding="UTF-8"?>
<testng-results ignored="0" total="1" passed="1" failed="0" skipped="0">
  <reporter-output>
  </reporter-output>
  <suite started-at="2025-05-27T21:35:20 IST" name="Default suite" finished-at="2025-05-27T21:35:26 IST" duration-ms="5697">
    <groups>
    </groups>
    <test started-at="2025-05-27T21:35:20 IST" name="Default test" finished-at="2025-05-27T21:35:26 IST" duration-ms="5697">
      <class name="test.LoginTest">
        <test-method is-config="true" signature="setUp()[pri:0, instance:test.LoginTest@13c9d689]" started-at="2025-05-27T21:35:20 IST" name="setUp" finished-at="2025-05-27T21:35:23 IST" duration-ms="2935" status="PASS">
          <reporter-output>
          </reporter-output>
        </test-method> <!-- setUp -->
        <test-method signature="testValidLogin()[pri:0, instance:test.LoginTest@13c9d689]" started-at="2025-05-27T21:35:23 IST" name="testValidLogin" finished-at="2025-05-27T21:35:26 IST" duration-ms="2567" status="PASS">
          <reporter-output>
          </reporter-output>
        </test-method> <!-- testValidLogin -->
        <test-method is-config="true" signature="tearDown()[pri:0, instance:test.LoginTest@13c9d689]" started-at="2025-05-27T21:35:26 IST" name="tearDown" finished-at="2025-05-27T21:35:26 IST" duration-ms="165" status="PASS">
          <reporter-output>
          </reporter-output>
        </test-method> <!-- tearDown -->
      </class> <!-- test.LoginTest -->
    </test> <!-- Default test -->
  </suite> <!-- Default suite -->
</testng-results>
